<?xml version="1.0" encoding="UTF-8"?>
<robot generator="Robot 3.0 (Jython 2.7.0 on java1.8.0_65)" generated="20160914 23:41:27.765">
<suite source="C:\Users\2015a_000\Desktop\School\Fall 2016\Software Engineering\project2\project2\src\test\acceptancetest" name="Acceptancetest" id="s1">
<suite source="C:\Users\2015a_000\Desktop\School\Fall 2016\Software Engineering\project2\project2\src\test\acceptancetest\TicTacToeTests.robot" name="TicTacToeTests" id="s1-s1">
<test name="Win Diagonally as X" id="s1-s1-t1">
<kw name="Start New Game">
<kw library="SwingLibrary" name="Start Application">
<doc>Alias for `Launch Application` keyword</doc>
<arguments>
<arg>edu.jsu.mcis.TicTacToeVC</arg>
</arguments>
<status endtime="20160914 23:41:30.843" starttime="20160914 23:41:30.124" status="PASS"></status>
</kw>
<kw library="SwingLibrary" name="Select Window">
<doc>Selects a window as current context and sets focus to it.</doc>
<arguments>
<arg>Tic Tac Toe</arg>
</arguments>
<status endtime="20160914 23:41:31.093" starttime="20160914 23:41:30.843" status="PASS"></status>
</kw>
<status endtime="20160914 23:41:31.109" starttime="20160914 23:41:30.124" status="PASS"></status>
</kw>
<kw name="Mark Location">
<arguments>
<arg>1</arg>
<arg>1</arg>
</arguments>
<kw library="BuiltIn" name="Catenate">
<doc>Catenates the given items together and returns the resulted string.</doc>
<arguments>
<arg>SEPARATOR=</arg>
<arg>Location</arg>
<arg>${row}</arg>
<arg>${col}</arg>
</arguments>
<assign>
<var>${component}</var>
</assign>
<msg level="INFO" timestamp="20160914 23:41:31.140">${component} = Location11</msg>
<status endtime="20160914 23:41:31.155" starttime="20160914 23:41:31.124" status="PASS"></status>
</kw>
<kw library="SwingLibrary" name="Click On Component">
<doc>Clicks on a component.</doc>
<arguments>
<arg>${component}</arg>
</arguments>
<msg level="FAIL" timestamp="20160914 23:41:41.303">Wait for "Location11" subcomponent to be displayed</msg>
<status endtime="20160914 23:41:41.319" starttime="20160914 23:41:31.171" status="FAIL"></status>
</kw>
<status endtime="20160914 23:41:41.319" starttime="20160914 23:41:31.109" status="FAIL"></status>
</kw>
<status critical="yes" endtime="20160914 23:41:41.319" starttime="20160914 23:41:30.109" status="FAIL">Wait for "Location11" subcomponent to be displayed</status>
</test>
<test name="Win Horizontally as O" id="s1-s1-t2">
<kw name="Start New Game">
<kw library="SwingLibrary" name="Start Application">
<doc>Alias for `Launch Application` keyword</doc>
<arguments>
<arg>edu.jsu.mcis.TicTacToeVC</arg>
</arguments>
<status endtime="20160914 23:41:41.381" starttime="20160914 23:41:41.350" status="PASS"></status>
</kw>
<kw library="SwingLibrary" name="Select Window">
<doc>Selects a window as current context and sets focus to it.</doc>
<arguments>
<arg>Tic Tac Toe</arg>
</arguments>
<status endtime="20160914 23:41:41.428" starttime="20160914 23:41:41.381" status="PASS"></status>
</kw>
<status endtime="20160914 23:41:41.428" starttime="20160914 23:41:41.350" status="PASS"></status>
</kw>
<kw name="Mark Location">
<arguments>
<arg>1</arg>
<arg>1</arg>
</arguments>
<kw library="BuiltIn" name="Catenate">
<doc>Catenates the given items together and returns the resulted string.</doc>
<arguments>
<arg>SEPARATOR=</arg>
<arg>Location</arg>
<arg>${row}</arg>
<arg>${col}</arg>
</arguments>
<assign>
<var>${component}</var>
</assign>
<msg level="INFO" timestamp="20160914 23:41:41.475">${component} = Location11</msg>
<status endtime="20160914 23:41:41.475" starttime="20160914 23:41:41.459" status="PASS"></status>
</kw>
<kw library="SwingLibrary" name="Click On Component">
<doc>Clicks on a component.</doc>
<arguments>
<arg>${component}</arg>
</arguments>
<msg level="FAIL" timestamp="20160914 23:41:51.539">Wait for "Location11" subcomponent to be displayed</msg>
<status endtime="20160914 23:41:51.539" starttime="20160914 23:41:41.475" status="FAIL"></status>
</kw>
<status endtime="20160914 23:41:51.539" starttime="20160914 23:41:41.444" status="FAIL"></status>
</kw>
<status critical="yes" endtime="20160914 23:41:51.555" starttime="20160914 23:41:41.334" status="FAIL">Wait for "Location11" subcomponent to be displayed</status>
</test>
<test name="Force a Tie" id="s1-s1-t3">
<kw name="Start New Game">
<kw library="SwingLibrary" name="Start Application">
<doc>Alias for `Launch Application` keyword</doc>
<arguments>
<arg>edu.jsu.mcis.TicTacToeVC</arg>
</arguments>
<status endtime="20160914 23:41:51.602" starttime="20160914 23:41:51.571" status="PASS"></status>
</kw>
<kw library="SwingLibrary" name="Select Window">
<doc>Selects a window as current context and sets focus to it.</doc>
<arguments>
<arg>Tic Tac Toe</arg>
</arguments>
<status endtime="20160914 23:41:51.633" starttime="20160914 23:41:51.602" status="PASS"></status>
</kw>
<status endtime="20160914 23:41:51.633" starttime="20160914 23:41:51.571" status="PASS"></status>
</kw>
<kw name="Mark Location">
<arguments>
<arg>1</arg>
<arg>1</arg>
</arguments>
<kw library="BuiltIn" name="Catenate">
<doc>Catenates the given items together and returns the resulted string.</doc>
<arguments>
<arg>SEPARATOR=</arg>
<arg>Location</arg>
<arg>${row}</arg>
<arg>${col}</arg>
</arguments>
<assign>
<var>${component}</var>
</assign>
<msg level="INFO" timestamp="20160914 23:41:51.664">${component} = Location11</msg>
<status endtime="20160914 23:41:51.664" starttime="20160914 23:41:51.649" status="PASS"></status>
</kw>
<kw library="SwingLibrary" name="Click On Component">
<doc>Clicks on a component.</doc>
<arguments>
<arg>${component}</arg>
</arguments>
<msg level="FAIL" timestamp="20160914 23:42:01.716">Wait for "Location11" subcomponent to be displayed</msg>
<status endtime="20160914 23:42:01.716" starttime="20160914 23:41:51.664" status="FAIL"></status>
</kw>
<status endtime="20160914 23:42:01.732" starttime="20160914 23:41:51.633" status="FAIL"></status>
</kw>
<status critical="yes" endtime="20160914 23:42:01.732" starttime="20160914 23:41:51.555" status="FAIL">Wait for "Location11" subcomponent to be displayed</status>
</test>
<status endtime="20160914 23:42:01.747" starttime="20160914 23:41:28.562" status="FAIL"></status>
</suite>
<status endtime="20160914 23:42:01.794" starttime="20160914 23:41:27.827" status="FAIL"></status>
</suite>
<statistics>
<total>
<stat pass="0" fail="3">Critical Tests</stat>
<stat pass="0" fail="3">All Tests</stat>
</total>
<tag>
</tag>
<suite>
<stat pass="0" fail="3" name="Acceptancetest" id="s1">Acceptancetest</stat>
<stat pass="0" fail="3" name="TicTacToeTests" id="s1-s1">Acceptancetest.TicTacToeTests</stat>
</suite>
</statistics>
<errors>
</errors>
</robot>
